[   0.00000]Inialiing grou subys cuset
[   0.0000] Initiaizngcgrop ubsys cu
[   0.00000]Initalizing croup suys cacct
[  0.0000]inuxversion 4.0-18-ener (budd@l01-ad6400) (gc vesion5.4.0201660 (bunt 5.40-ubntu1~6.0410 )#164UbuntSMP ue Oct2 1716:0 UTC208 Ubutu 44.0-38.14-enerc 4..15)
    0.0000] Comandline:BOT_IMGE=/bot/vmnuz-4.40-38generic root=UUID=ecbaf4-e434f3-19-bd66b0ac2d r consle=tt1 cosole=tyS
[   0.00000]KENEL spprted cus:
[    0000]   Intel GenuineItel
[   0.00000]   AMAuthnticAD
[   0.00000   CntaurCetaurauls
[   000000]x86/pu: xtate_offset[2]:  576, xstat_sizes[2]:  256
[    0.000000] x86/fpu: Supporting XSAVE feature 0x01: 'x87 floating point registers'
[    0.000000] x86/pu Supporing XSAVE feature 0x2: 'SE regiters'
    0.00000] x86/fp: Supporting XSAVE featre 004: AVX reisters
[    0.000000] x86/fpu: Enabled xstate features 0x7, context size is 832 bytes, using 'standard' format.
[    0.000000] e820: BIOS-provided physical RAM map:
[    0.000000] BIOS-e820: [mem 0x0000000000000000-0x000000000009fbff] usabe
[  0.000000]BIOS-e820 [mem 0x000000000009fc00-0x000000000009ffff] rservd
[   0.00000] BOSe820: [mem 0x00000000f0000-0x00000000000fffff] reserved
[    0.000000] BIOS-e820: [mem 0x0000000000100000-0x000000007ffeffff] usable
[    0.000000] BIOS-e820: [mem 0x000000007fff0000-0x000000007fffffff] ACPI data
[    0.000000] BIOS-e820: [mem 0x00000000fec00000-0x000000000fec00ff] reserved
[    0.000000] BIOS-e820: [mem 0x00000000fee00000-0x00000000fee00fff] reserved
[    0.000000] BIOS-e820: [mm 0x00000000fffc0000-0x00000000ffffffff] reserved
[    0.000000] NX (Execute Disable) protetion: active
[    0.000000] SMBIOS 2.5 present.
[    0.000000] Hypervisor detected: KVM
[    0.000000] e820: last_pfn = 0x7fff0 max_arch_pfn = 0x400000000
[    0.000000] MTRR: Disabled
[   0.00000] x86/PAT: MTRRs disabled, skipping PAT initialization too.
[    0.0000000] CPU MTRRs all blank - virtualized system.
[    0.00000] x86/PAT: Configuration [0-7: WB WT  UC- UC  WB  WT  UC- UC  
[    0.000000] found SMP MP-table at [mem 00009fff0-0x0009ffff] apped at [ffff88000009fff0]
[  0.000000] Scanning 1 areas for low memory corruption
[    0.000000] RAMDISK: [mem 0x361f0000-0x370efff]
[    0.00000] ACPI: Early table checksum verification disabled
[    0.000000] ACPI: RSDP 0x00000000000E0000 000024 (v02 VBOX  )
[    0.000000] ACPI: XSDT 0x000000007FFF0030 00003C (v01 VBOX   VBOXXSDT 00000001 ASL  00000061)
[    0.000000] ACPI: FACP 0x000000007FFF00F0 0000F4 (v04 VBOX   VBOXFACP 00000001 ASL  00000061)
[    0.000000] ACPI: DSDT 0x000000007FFF0470 0021FF (v02 VBOX   VBOXBIOS 00000002 INTL 20100528)
[    0.000000] ACPI: FACS 0x000000007FFF0200 000040
[    0.000000] ACPI: FACS 0x000000007FFF0200 000040
[    0.000000] ACPI: APIC 0x000000007FFF0240 00005C (v02 VBOX   VBOXAPIC 00000001 ASL  00000061)
[    0.000000] ACPI: SSDT 0x000000007FFF02A0 0001CC (v01 VBOX   VBOXCPUT 00000002 INTL 20100528)
[    0.000000] No NUMA configuration found
[    0.000000] Faking a node at [mem 0x0000000000000000-0x000000007ffeffff]
[    0.000000] NODE_DATA(0) allocated [mem 0x7ffeb000-0x7feffff]
[    0.000000] kvm-clock: Using msrs 4b564d01 and 4b564d00
[    0.000000] kvm-clock: cpu 0, msr 0:7ffe3001, primary cpu clock
[    0.000000] kvm-clock: using sched offset of 22094365992 cycles
[    0.000000] clocksource: kvm-clock: mask: 0xffffffffffffffff ax_ccles: 0x1cd42e4dffb, max_idle_ns: 881590591483 ns
[   0.000000 Zone anes:
[   .000000]   DMA      [mem 0x0000000000001000-0x0000000000ffffff]
[    0.000000]   DMA32    [mem 0x0000000001000000-0x000000007ffeffff]
[    0.000000]   Normal   empty
[    0.000000]   Device   empty
[    0.000000] Movablezone start for each node
[    0.000000] Early memory node ranges
[    0.000000]   node   0: [mem 0x0000000000001000-0x000000000009efff]
[    0.000000]   nde   0: [mem 0x0000000000100000-0x00000007ffeffff]
[    0.000000] Initmem setup node 0 [mem 0x0000000000001000-0x000000007ffeffff]
[    0.000000] ACPI: PM-Timer IO Port: 0x4008
[    0.000000] IOAPIC[0]: apic_id 2, verion 3, address 0xfec00000, GSI 0-23
[   .00000] ACI: IT_RC_OVRbus  busir 0 gobal_iq 2 fl dl)
[   0.000000] ACPI: INT_SRC_OVR (bus 0 bus_irq 9 globl_irq  lw leel
[   0.00000] Uing ACI (MDT for MPconfigraion nforaton
[   0.00000]smpboo: Alowin 2 CPUs, 0 hotplugCPUs
[    0.000000] PM: Registered nosave memory: [mem 0x00000000-0x00000fff]
[    0.000000] PM: Registered nosave memory: [mem 0x0009f000-0x0009ffff]
[    0.000000] PM: Registered nosave memory: [mem 0x000a0000-0x000effff]
[    0.000000] PM: Registered nosave memory: [mem 0x000f0000-0x000fffff]
[    0.000000] e20: mem 08000000-0xfebffff] vailble fo PCI devices
[    0.000000] Booting paravirtuaized erel on KVM
[    0.000000] clocksource: refined-jiffies: mask: 0xffffffff ma_ccles: 0xffffffff, max_idle_ns: 7645519600211568 ns
[    0.000000] setup_percpu: NR_CPUS:512 nr_cpumask_bit:512 n_cpu_is:2 nr_nodeids:1
[    0.000000] PERCPU: Embedded 34 pages/cpu @ffff807fcc0000 s9968 r8192 d31464 u1048576
[    0.000000] PV spnlock hsh tableentries: 256 (rder: , 096 byes)
[    0.000000] Buil 1 zoneliss in Nodeorder, mobility grouping on.  Total pages: 515960
[    0.000000] Policy zone: DMA32
[    0.000000] Kernel command line: BOOT_IMAGE=/oo/vmlinuz-4.4.0-138-generic root=UUID=8decbaf4-e443-4fa3-a19b-bd6d6b0a5c2d ro console=tty1 console=ttyS0
[    0.000000] PID hash table enries: 4096 (order: 3, 32768 byts)
[   0.00000] Memory: 20236K/29669K vailble (863K erne code,1314K wdata, 404K rodat, 1528K init, 1316K bss, 6360K reserved, 0K cma-reserved)
[   0.00000] SLUB: HWalgn=64, Order=0-3, MinObjcts=0, CPU=2, Noes=1
[   0.00000] Kenel/User page tables isolation: enabled
[    0.000000] Hirarchical RCU implementation.
[    0.000000] 	Build-time adjustment of lea fanout to 64
    .000000]	RCUretriting CUs fomNR_CUS=52 tonrcpu_id=2.
[   0.00000 RCU Adjustin geometry fo rcuanou_laf=64, nr_cpu_ids=2
[    0.000000] NR_IRQS:3302 nr_rqs:40 1
[   0.00000] Cnsole: colour VGA+ 80x25
   0.00000 cnsol [ty1]enabl
[    0.00000] console [ttyS0] enabled
[    0.000000] tsc: Detected 2400.000 MHz processor
[   15.664252] Calibrating delay loop (skipped) preset value.. 4800.00 BogoMIPS (lpj=9600000)
[   15.729659] pid_max: default: 32768 minimum: 301
[   15.762732] ACPI: Core revision 20150930
[   15.797975] ACPI: 2 ACPI AML tables successfully acquired and loaded
[   15.836860] Security Framework initialized
[   15.838563] Yama: becoming mindful.
[   15.895537] AppArmor: AppArmor initialized
[   15.917063] Dentry cache hash table entries: 262144 (order: 9, 2097152 bytes)
[   15.944557] Inode-cache hash table entries: 131072 (order: 8, 1048576 bytes)
[   15.972931] Mount-cache hash table entries: 4096 (order: 3, 32768 bytes)
[   15.991596] Mountpoint-cache hash table entries: 4096 (order: 3, 32768 bytes)
[   15.996753] Initializing cgroup subsys io
[   16.036143] Initializing cgroup subsys memory
[   16.095452] Initializing cgroup subsys devices
[   16.193621] Initializing cgroup subsys freezer
[   16.245586] Initializing cgroup subsys net_cls
[   16.328633] Initializing cgroup subsys perf_event
[   16.351993] Initializing cgroup subsys net_prio
[   16.436822] Initializing cgroup subsys hugetlb
[   16.528154] Initializing cgroup subsys pids
[   16.602850] mce: CPU supports 0 MCE banks
[   16.688093] Last level iTLB entries: 4KB 64, 2MB 8, 4MB 8
[   16.798522] Last level dTLB entries: 4KB 64, 2MB 0, 4MB 0, 1GB 4
[   16.871327] Spectre V2 : Mitigation: Full generic retpoline
[   16.976759] Spectre V2 : Spectre v2 mitigation: Speculation control IBPB not-supported IBRS not-supported
[   17.028171] Spectre V2 : Spectre v2 / SpectreRSB mitigation: Filling RSB on context switch
[   17.166674] Speculative Store Bypass: Vulnerable
[   17.278113] Freeing SMP alternatives memory: 32K
[   17.381257] ftrace: allocating 32278 entries in 127 pages
[   17.616050] smpboot: APIC(0) Converting physical 0 to logical package 0
[   17.667309] smpboot: Max logical packages: 1
[   17.730855] x2apic enabled
[   17.764113] Switched APIC routing to physical x2apic.
[   17.775460] ..TIMER: vector=0x30 apic1=0 pin1=2 apic2=-1 pin2=-1
[   17.930534] smpboot: CPU0: Intel(R) Core(TM) i5-6200U CPU @ 2.30GHz (family: 0x6, model: 0x4e, stepping: 0x3)
[   17.941771] Performance Events: unsupported p6 CPU model 78 no PMU driver, software events only.
[   17.976781] KVM setup paravirtual spinlock
[   17.983236] x86: Booting SMP configuration:
[   17.987817] .... node  #0, CPUs:      #1
[   17.989608] kvm-clock: cpu 1, msr 0:7ffe3041, secondary cpu clock
[   17.999582] mce: CPU supports 0 MCE banks
[   18.003121] x86: Booted up 1 node, 2 CPUs
[   18.026599] smpboot: Total of 2 processors activated (9600.00 BogoMIPS)
[   18.032349] devtmpfs: initialized
[   18.054169] evm: security.selinux
[   18.074439] evm: security.SMACK64
[   18.098967] evm: security.SMACK64EXEC
[   18.132798] evm: security.SMACK64TRANSMUTE
[   18.134854] evm: security.SMACK64MMAP
[   18.160611] evm: security.ima
[   18.168813] evm: security.capability
[   18.198100] clocksource: jiffies: mask: 0xffffffff max_cycles: 0xffffffff, max_idle_ns: 7645041785100000 ns
[   18.257077] futex hash table entries: 512 (order: 3, 32768 bytes)
[   18.267461] pinctrl core: initialized pinctrl subsystem
[   18.287394] RTC time: 18:44:07, date: 11/25/18
[   18.298767] NET: Registered protocol family 16
[   18.311125] cpuidle: using governor ladder
[   18.351123] cpuidle: using governor menu
[   18.383907] PCCT header not found.
[   18.394943] ACPI: bus type PCI registered
[   18.440678] acpiphp: ACPI Hot Plug PCI Controller Driver version: 0.5
[   18.481384] PCI: Using configuration type 1 for base access
[   18.529177] ACPI: Added _OSI(Module Device)
[   18.556221] ACPI: Added _OSI(Processor Device)
[   18.568781] ACPI: Added _OSI(3.0 _SCP Extensions)
[   18.587129] ACPI: Added _OSI(Processor Aggregator Device)
[   18.635666] ACPI: Executed 1 blocks of module-level executable AML code
[   18.705908] ACPI: Interpreter enabled
[   18.740420] ACPI: (supports S0 S5)
[   18.758528] ACPI: Using IOAPIC for interrupt routing
[   18.767356] PCI: Using host bridge windows from ACPI; if necessary, use "pci=nocrs" and report a bug
[   18.822969] ACPI: PCI Root Bridge [PCI0] (domain 0000 [bus 00-ff])
[   18.834602] acpi PNP0A03:00: _OSC: OS supports [ASPM ClockPM Segments MSI]
[   18.837591] acpi PNP0A03:00: _OSC: not requesting OS control; OS requires [ExtendedConfig ASPM ClockPM MSI]
[   18.850786] acpi PNP0A03:00: fail to add MMCONFIG information, can't access extended PCI configuration space under this bridge.
[   18.888562] PCI host bridge to bus 0000:00
[   18.895268] pci_bus 0000:00: root bus resource [io  0x0000-0x0cf7 window]
[   18.915332] pci_bus 0000:00: root bus resource [io  0x0d00-0xffff window]
[   18.970970] pci_bus 0000:00: root bus resource [mem 0x000a0000-0x000bffff window]
[   19.034784] pci_bus 0000:00: root bus resource [mem 0x80000000-0xfdffffff window]
[   19.097980] pci_bus 0000:00: root bus resource [bus 00-ff]
[   19.116805] pci 0000:00:01.1: legacy IDE quirk: reg 0x10: [io  0x01f0-0x01f7]
[   19.171435] pci 0000:00:01.1: legacy IDE quirk: reg 0x14: [io  0x03f6]
[   19.202873] pci 0000:00:01.1: legacy IDE quirk: reg 0x18: [io  0x0170-0x0177]
[   19.216472] pci 0000:00:01.1: legacy IDE quirk: reg 0x1c: [io  0x0376]
[   19.330544] pci 0000:00:07.0: quirk: [io  0x4000-0x403f] claimed by PIIX4 ACPI
[   19.360627] pci 0000:00:07.0: quirk: [io  0x4100-0x410f] claimed by PIIX4 SMB
[   19.380033] ACPI: PCI Interrupt Link [LNKA] (IRQs 5 9 10 *11)
[   19.434953] ACPI: PCI Interrupt Link [LNKB] (IRQs 5 9 *10 11)
[   19.445534] ACPI: PCI Interrupt Link [LNKC] (IRQs 5 *9 10 11)
[   19.477035] ACPI: PCI Interrupt Link [LNKD] (IRQs 5 9 10 *11)
[   19.533355] ACPI: Enabled 2 GPEs in block 00 to 07
[   19.558927] vgaarb: setting as boot device: PCI:0000:00:02.0
[   19.579727] vgaarb: device added: PCI:0000:00:02.0,decodes=io+mem,owns=io+mem,locks=none
[   19.597268] vgaarb: loaded
[   19.606547] vgaarb: bridge control possible 0000:00:02.0
[   19.611329] SCSI subsystem initialized
[   19.613789] ACPI: bus type USB registered
[   19.617048] usbcore: registered new interface driver usbfs
[   19.619415] usbcore: registered new interface driver hub
[   19.621638] usbcore: registered new device driver usb
[   19.641154] PCI: Using ACPI for IRQ routing
[   19.660913] NetLabel: Initializing
[   19.688508] NetLabel:  domain hash size = 128
[   19.691213] NetLabel:  protocols = UNLABELED CIPSOv4
[   19.700017] NetLabel:  unlabeled traffic allowed by default
[   19.706135] amd_nb: Cannot enumerate AMD northbridges
[   19.725770] clocksource: Switched to clocksource kvm-clock
[   19.741425] AppArmor: AppArmor Filesystem Enabled
[   9.745426] pnp: PnP ACP iit
[   19.8789]pnp:Pn APIfond3 devices

[  2.23493]clckource: acpi_pm: mask: 0xffffff ax_cycles: 0xffffff, max_idle_ns: 2085701024 ns
[   20.585300] NET: Registered protocol family 2

[   20.587842] TC etaliedhash table entries: 16384 (order: 5, 131072 bytes)

[   20.838163] TCP bind hash table entries: 1384 (order: 6, 262144 bytes)
[   20.911915] TCP: Hash tables configured (esabised 16384 bind 16384)
[   21.056766] UDP hash table entries: 1024 (order: 3, 32768 bytes)
[   21.060079] UDP-Lite hash table entries: 1024 (order: 3, 32768 bytes)
[   21.063605] NET: Registered protocol family 1
[   21.065940] pci 0000:00:00.0: Limiting direct PCI/PCI transfers
[   21.069543] pci 0000:00:01.0: Activating ISA DMA hang workarounds
[   21.072883] Unpacking initramfs...

[ 215724 Freeig initrd memory: 15360K
[  2.8844]pltfrmrtc_cmos: registered platform RTC device (no PNP device found)
[   22.23010] cani fr owmemor crruption ever 6 scods
[   22.852851] audit: initializing netlink subsys (disabled)
[   22.862265] audit: type=2000 audit(1543171456.199:1): initialized
[   22.864889] Initialise system trusted keyring
[   22.866717] HugeTLB registered 2 MB page size, pre-allocated 0 pages
[   22.944207] tsc: Refined TSC clocksource calibration: 2400.498 MHz
[   23.002528] clocksource: tsc: mask: 0xffffffffffffffff max_cycles: 0x229a0dfb758, max_idle_ns: 440795222555 ns
[   23.012163] zbu: oad
[   230998 VS: Disk qotas dquot_6.6.0

[   23.091019] VFS: Dquot-cache hash table entries: 512 (order 0, 4096 bytes)
[   23.091334] squashfs: version 4.0 (2009/01/31) Phillip Lougher
[   23.091705] fuse init (API version 7.23)
[   23.091854] Key type big_key registered
[   23.091871] Allocating IMA MOK and blacklist keyrings.
[   23.092129] Key type asymmetric registered
[   23.092131] Asymmetric key parser 'x509' registered
[   23.092171] Block layer SCSI generic (bsg) driver version 0.4 loaded (major 249)
[   23.092204] io scheduler noop registered
[   23.092206] io scheduler deadline registered (default)
[   23.092241] io scheduler cfq registered
[   23.092356] pci_hotplug: PCI Hot Plug PCI Core version: 0.5
[   23.092363] pciehp: PCI Express Hot Plug Controller Driver version: 0.4
[   23.092545] ACPI: AC Adapter [AC] (off-line)
[   23.092607] input: Power Button as /devices/LNXSYSTM:00/LNXPWRBN:00/input/input0
[   23.092610] ACPI: Power Button [PWRF]
[   23.092768] input: Sleep Button as /devices/LNXSYSTM:00/LNXSLPBN:00/input/input1
[   23.092771] ACPI: Sleep Button [SLPF]
[   23.093034] GHES: HEST is not enabled!
[   23.094198] ACPI: Battery Slot [BAT0] (battery present)
[   23.094245] Serial: 8250/16550 driver, 32 ports, IRQ sharing enabled
[   23.329430] 00:02: ttyS0 at I/O 0x3f8 (irq = 4, base_baud = 115200) is a 16550A
[   23.558747] Linux agpgart interface v0.103
[   23.561969] loop: module loaded
[   23.562635] scsi host0: ata_piix
[   23.562710] scsi host1: ata_piix
[   23.562747] ata1: PATA max UDMA/33 cmd 0x1f0 ctl 0x3f6 bmdma 0xd000 irq 14
[   23.562748] ata2: PATA max UDMA/33 cmd 0x170 ctl 0x376 bmdma 0xd008 irq 15
[   23.562870] libphy: Fixed MDIO Bus: probed
[   23.562873] tun: Universal TUN/TAP device driver, 1.6
[   23.562873] tun: (C) 1999-2004 Max Krasnyansky <maxk@qualcomm.com>
[   23.563279] PPP generic driver version 2.4.2
[   23.563352] ehci_hcd: USB 2.0 'Enhanced' Host Controller (EHCI) Driver
[   23.563357] ehci-pci: EHCI PCI platform driver
[   23.563368] ehci-platform: EHCI generic platform driver
[   23.563377] ohci_hcd: USB 1.1 'Open' Host Controller (OHCI) Driver
[   23.563380] ohci-pci: OHCI PCI platform driver
[   23.563389] ohci-platform: OHCI generic platform driver
[   23.563398] uhci_hcd: USB Universal Host Controller Interface driver
[   23.563456] i8042: PNP: PS/2 Controller [PNP0303:PS2K,PNP0f03:PS2M] at 0x60,0x64 irq 1,12
[   23.592233] serio: i8042 KBD port at 0x60,0x64 irq 1
[   23.592239] serio: i8042 AUX port at 0x60,0x64 irq 12
[   23.592377] mousedev: PS/2 mouse device common for all mice
[   23.592723] rtc_cmos rtc_cmos: rtc core: registered rtc_cmos as rtc0
[   23.592798] rtc_cmos rtc_cmos: alarms up to one day, 114 bytes nvram
[   23.592805] i2c /dev entries driver
[   23.592859] device-mapper: uevent: version 1.0.3
[   23.592921] device-mapper: ioctl: 4.34.0-ioctl (2015-10-28) initialised: dm-devel@redhat.com
[   23.592943] ledtrig-cpu: registered to indicate activity on CPUs
[   23.593334] NET: Registered protocol family 10
[   23.593471] NET: Registered protocol family 17
[   23.593482] Key type dns_resolver registered
[   23.593776] registered taskstats version 1
[   23.593788] Loading compiled-in X.509 certificates
[   23.594425] Loaded X.509 cert 'Build time autogenerated kernel key: 9a104bc44b81e9426fe5c715e47d021d02d69eba'
[   23.594444] zswap: loaded using pool lzo/zbud
[   23.596441] Key type trusted registered
[   23.600049] Key type encrypted registered
[   23.600054] AppArmor: AppArmor sha1 policy hashing enabled
[   23.600057] ima: No TPM chip found, activating TPM-bypass!
[   23.600061] ima: Allocated hash algorithm: sha1
[   23.600073] evm: HMAC attrs: 0x1
[   23.600561]   Magic number: 10:504:747
[   23.622485] rtc_cmos rtc_cmos: setting system clock to 2018-11-25 18:44:12 UTC (1543171452)
[   23.622706] BIOS EDD facility v0.16 2004-Jun-25, 0 devices found
[   23.622707] EDD information not available.
[   23.749442] input: AT Translated Set 2 keyboard as /devices/platform/i8042/serio0/input/input2
[   24.892002] Freeing unused kernel memory: 1528K
[   24.918644] Write protecting the kernel read-only data: 14336k
[   24.965107] Freeing unused kernel memory: 1664K
[   24.980774] Freeing unused kernel memory: 92K
Loading, please wait...
[   25.041116] random: systemd-udevd: uninitialized urandom read (16 bytes read, 7 bits of entropy available)
starting version[   25.042231] random: udevadm: uninitialized urandom read (16 bytes read, 7 bits of entropy available)
 229
[   25.042272] random: udevadm: uninitialized urandom read (16 bytes read, 7 bits of entropy available)
[   25.061331] random: udevadm: uninitialized urandom read (16 bytes read, 7 bits of entropy available)
[   25.061385] random: udevadm: uninitialized urandom read (16 bytes read, 7 bits of entropy available)
[   25.061580] random: udevadm: uninitialized urandom read (16 bytes read, 7 bits of entropy available)
[   25.061653] random: udevadm: uninitialized urandom read (16 bytes read, 7 bits of entropy available)
[   25.061724] random: udevadm: uninitialized urandom read (16 bytes read, 7 bits of entropy available)
[   25.061917] random: udevadm: uninitialized urandom read (16 bytes read, 7 bits of entropy available)
[   25.062023] random: udevadm: uninitialized urandom read (16 bytes read, 7 bits of entropy available)
[   25.385526] e1000: Intel(R) PRO/1000 Network Driver - version 7.3.21-k8-NAPI
[   25.418721] e1000: Copyright (c) 1999-2006 Intel Corporation.
[   25.482596] Fusion MPT base driver 3.04.20
[   25.488108] Copyright (c) 1999-2008 LSI Corporation
[   25.503500] AVX2 version of gcm_enc/dec engaged.
[   25.507023] AES CTR mode by8 optimization enabled
[   25.516260] Fusion MPT SPI Host driver 3.04.20
[   25.681372] input: ImExPS/2 Generic Explorer Mouse as /devices/platform/i8042/serio1/input/input4
[   25.964428] e1000 0000:00:03.0 eth0: (PCI:33MHz:32-bit) 02:93:23:4d:82:b3
[   25.999452] e1000 0000:00:03.0 eth0: Intel(R) PRO/1000 Network Connection
[   26.007799] mptbase: ioc0: Initiating bringup
[   26.009917] e1000 0000:00:03.0 enp0s3: renamed from eth0
[   26.111339] ioc0: LSI53C1030 A0: Capabilities={Initiator}
[   26.361142] scsi host2: ioc0: LSI53C1030 A0, FwRev=00000000h, Ports=1, MaxQ=256, IRQ=20
[   26.519019] scsi 2:0:0:0: Direct-Access     VBOX     HARDDISK         1.0  PQ: 0 ANSI: 5
[   26.540015] scsi target2:0:0: Beginning Domain Validation
[   26.606577] scsi target2:0:0: Domain Validation skipping write tests
[   26.633312] scsi target2:0:0: Ending Domain Validation
[   26.677923] scsi target2:0:0: asynchronous
[   26.740856] scsi 2:0:1:0: Direct-Access     VBOX     HARDDISK         1.0  PQ: 0 ANSI: 5
[   26.798743] scsi target2:0:1: Beginning Domain Validation
[   26.804002] scsi target2:0:1: Domain Validation skipping write tests
[   26.866558] scsi target2:0:1: Ending Domain Validation
[   26.892680] scsi target2:0:1: asynchronous
[   26.921479] sd 2:0:0:0: [sda] 20971520 512-byte logical blocks: (10.7 GB/10.0 GiB)
[   26.935831] sd 2:0:0:0: Attached scsi generic sg0 type 0
[   26.971431] sd 2:0:0:0: [sda] Write Protect is off
[   26.990115] sd 2:0:1:0: [sdb] 20480 512-byte logical blocks: (10.5 MB/10.0 MiB)
[   27.076203] sd 2:0:1:0: Attached scsi generic sg1 type 0
[   27.076511] sd 2:0:0:0: [sda] Incomplete mode parameter data
[   27.076513] sd 2:0:0:0: [sda] Assuming drive cache: write through
[   27.076618] sd 2:0:1:0: [sdb] Write Protect is off
[   27.077244] sd 2:0:1:0: [sdb] Incomplete mode parameter data
[   27.077248] sd 2:0:1:0: [sdb] Assuming drive cache: write through
[   27.099959]  sda: sda1
[   27.101047] sd 2:0:0:0: [sda] Attached SCSI disk
[   27.115171] sd 2:0:1:0: [sdb] Attached SCSI disk
Begin: Loading e[   29.619646] md: linear personality registered for level -1
ssential drivers[   29.644681] md: multipath personality registered for level -4
 ... [   29.680566] md: raid0 personality registered for level 0
[   29.713611] md: raid1 personality registered for level 1
[   29.838300] raid6: sse2x1   gen()  6576 MB/s
[   29.958341] raid6: sse2x1   xor()  4364 MB/s
[   30.046121] raid6: sse2x2   gen()  5320 MB/s
[   30.166134] raid6: sse2x2   xor()  4584 MB/s
[   30.261815] raid6: sse2x4   gen()  6852 MB/s
[   30.370220] raid6: sse2x4   xor()  5792 MB/s
[   30.481956] raid6: avx2x1   gen() 12938 MB/s
[   30.601968] raid6: avx2x2   gen() 12419 MB/s
[   30.730329] raid6: avx2x4   gen() 14788 MB/s
[   30.800662] raid6: using algorithm avx2x4 gen() 14788 MB/s
[   30.865801] raid6: using avx2x2 recovery algorithm
[   30.899143] xor: automatically using best checksumming function:
[   30.973884]    avx       : 10218.000 MB/sec
[   31.029350] async_tx: api initialized (async)
[   31.106370] md: raid6 personality registered for level 6
[   31.191222] md: raid5 personality registered for level 5
[   31.193132] md: raid4 personality registered for level 4
[   31.251364] md: raid10 personality registered for level 10
done.
Begin: Running /scripts/init-premount ... done.
Begin: Mounting root file system ... Begin: Running /scripts/local-top ... do[   31.354676] Btrfs loaded
ne.
Begin: Running /scripts/local-premount ... Scanning for Btrfs filesystems
done.
Warning: fsck not present, so skipping root file system
[   31.655798] EXT4-fs (sda1): mounted filesystem with ordered data mode. Opts: (null)
done.
Begin: Running /scripts/local-bottom ... done.
Begin: Running /scripts/init-bottom ... [   33.647103] random: nonblocking pool is initialized
done.
[   36.364366] systemd[1]: systemd 229 running in system mode. (+PAM +AUDIT +SELINUX +IMA +APPARMOR +SMACK +SYSVINIT +UTMP +LIBCRYPTSETUP +GCRYPT +GNUTLS +ACL +XZ -LZ4 +SECCOMP +BLKID +ELFUTILS +KMOD -IDN)
[   36.375790] systemd[1]: Detected virtualization oracle.
[   36.379509] systemd[1]: Detected architecture x86-64.

Welcome to [1mUbuntu 16.04.5 LTS[0m!

[   36.471986] systemd[1]: Set hostname to <ubuntu-xenial>.
[   39.016192] systemd[1]: Listening on LVM2 poll daemon socket.
[[0;32m  OK  [0m] Listening on LVM2 poll daemon socket.
[   39.110407] systemd[1]: Listening on LVM2 metadata daemon socket.
[[0;32m  OK  [0m] Listening on LVM2 metadata daemon socket.
[   39.190501] systemd[1]: Started Forward Password Requests to Wall Directory Watch.
[[0;32m  OK  [0m] Started Forward Password Requests to Wall Directory Watch.
[   39.278586] systemd[1]: Created slice User and Session Slice.
[[0;32m  OK  [0m] Created slice User and Session Slice.
[   39.343325] systemd[1]: Created slice System Slice.
[[0;32m  OK  [0m] Created slice System Slice.
[   39.386412] systemd[1]: Created slice system-serial\x2dgetty.slice.
[[0;32m  OK  [0m] Created slice system-serial\x2dgetty.slice.
[   39.462066] systemd[1]: Reached target Slices.
[[0;32m  OK  [0m] Reached target Slices.
[   39.514530] systemd[1]: Listening on Device-mapper event daemon FIFOs.
[[0;32m  OK  [0m] Listening on Device-mapper event daemon FIFOs.
[   39.579446] systemd[1]: Set up automount Arbitrary Executable File Formats File System Automount Point.
[[0;32m  OK  [0m] Set up automount Arbitrary Executab...ats File System Automount Point.
[   39.642268] systemd[1]: Reached target System Time Synchronized.
[[0;32m  OK  [0m] Reached target System Time Synchronized.
[   39.698944] systemd[1]: Listening on /dev/initctl Compatibility Named Pipe.
[[0;32m  OK  [0m] Listening on /dev/initctl Compatibility Named Pipe.
[   39.718365] systemd[1]: Listening on Journal Audit Socket.
[[0;32m  OK  [0m] Listening on Journal Audit Socket.
[   39.790653] systemd[1]: Reached target Swap.
[[0;32m  OK  [0m] Reached target Swap.
[   39.842435] systemd[1]: Listening on Journal Socket (/dev/log).
[[0;32m  OK  [0m] Listening on Journal Socket (/dev/log).
[   39.878855] systemd[1]: Listening on udev Control Socket.
[[0;32m  OK  [0m] Listening on udev Control Socket.
[   39.939079] systemd[1]: Listening on Journal Socket.
[[0;32m  OK  [0m] Listening on Journal Socket.
[   40.042411] systemd[1]: Starting Set console keymap...
         Starting Set console keymap...
[   40.118450] systemd[1]: Starting Monitoring of LVM2 mirrors, snapshots etc. using dmeventd or progress polling...
         Starting Monitoring of LVM2 mirrors... dmeventd or progress polling...
[   40.217950] systemd[1]: Starting Remount Root and Kernel File Systems...
         Starting Remount Root and Kernel File Systems...
[   40.282421] systemd[1]: Starting Uncomplicated firewall...
         Starting Uncomplicated firewall...
[   40.329723] systemd[1]: Reached target User and Group Name Lookups.
[[0;32m  OK  [0m] Reached target User and Group Name Lookups.
[   40.402397] systemd[1]: Starting Nameserver information manager...
         Startin[   40.423676] EXT4-fs (sda1): re-mounted. Opts: (null)
g Nameserver information manager...
[   40.506104] systemd[1]: Starting Create list of required static device nodes for the current kernel...
         Starting Create list of required st... nodes for the current kernel...
[   40.582210] systemd[1]: Listening on Syslog Socket.
[[0;32m  OK  [0m] Listening on Syslog Socket.
[   40.650344] systemd[1]: Starting Journal Service...
         Starting Journal Service...
[   40.702413] systemd[1]: Mounting Debug File System...
         Mounting Debug File System...
[   40.870016] systemd[1]: Starting Load Kernel Modules...
         Starting Load Kernel Modules...
[   40.918627] systemd[1]: Mounting Huge Pages File System...
         Mounting Huge Pages File System...
[   40.966704] systemd[1]: Started Trigger resolvconf update for networkd DNS.
[[0;32m  OK  [0m] Started Trigger resolvconf update for networkd DNS.
[   41.073943] systemd[1]: Mounting POSIX Message Queue File System...
         Mounting POSIX Message Queue File System...
[   41.146944] Loading iSCSI transport class v2.0-870.
[   41.863322] systemd[1]: Reached target Encrypted Volumes.
[[0;32m  OK  [0m] Reached target Encrypted Volumes.
[   41.914446] systemd[1]: Listening on udev Kernel Socket.
[[0;32m  OK  [0m] Listening on udev Kernel Socket.
[   41.976789] systemd[1]: Mounted POSIX Message Queue File System.
[[0;32m  OK  [0m] Mounted POSIX Message Queue File System.
[   42.050032] systemd[1]: Mounted Debug File System.
[[0;32m  OK  [0m] Mounted Debug File System.
[   42.081069] systemd[1]: Mounted Huge Pages File System.
[[0;32m  OK  [0m] Mounted Huge Pages File System.
[   42.175316] systemd[1]: Started Journal Service.
[[0;32m  OK  [0m] Started Journal Service.
[[0;32m  OK  [0m] Started Set console keymap.[   42.242858] iscsi: registered transport (tcp)

[[0;32m  OK  [0m] Started Remount Root and Kernel File Systems.
[[0;32m  OK  [0m] Started Uncomplicated firewall.
[[0;32m  OK  [0m] Started Create list of required sta...ce nodes for the current kernel.
[[0;32m  OK  [0m] Started Nameserver information manager.
[[0;32m  OK  [0m] Started LVM2 metadata daemon[   42.574899] iscsi: registered transport (iser)
.
         Starting Create Static Device Nodes in /dev...
         Starting Load/Save Random Seed...
         Starting udev Coldplug all Devices...
         Starting Flush Journal to Persistent Storage...
[[0;32m  OK  [0m] Started Load Kernel Modules.
[[0;32m  OK  [0m] Started Load/Save Random Seed.
         Mounting FUSE Control File System...
         Starting Apply Kernel Variables...
[[0;32m  OK  [0m] Mounted FUSE Control File System.
[   43.085744] systemd-journald[392]: Received request to flush runtime journal from PID 1
[[0;32m  OK  [0m] Started udev Coldplug all Devices.
[[0;32m  OK  [0m] Started Flush Journal to Persistent Storage.
[[0;32m  OK  [0m] Started Monitoring of LVM2 mirrors,...ng dmeventd or progress polling.
[[0;32m  OK  [0m] Started Apply Kernel Variables.
[[0;32m  OK  [0m] Started Create Static Device Nodes in /dev.
         Starting udev Kernel Device Manager...
[[0;32m  OK  [0m] Started udev Kernel Device Manager.
[[0;32m  OK  [0m] Reached target Local File Systems (Pre).
[[0;32m  OK  [0m] Reached target Local File Systems.
         Starting LSB: AppArmor initialization...
         Starting Set console font and keymap...
         Starting Create Volatile Files and Directories...
         Starting Tell Plymouth To Write Out Runtime Data...
         Starting Initial cloud-init job (pre-networking)...
[[0;32m  OK  [0m] Started Dispatch Password Requests to Console Directory Watch.
[[0;32m  OK  [0m] Started Tell Plymouth To Write Out Runtime Data.
[[0;32m  OK  [0m] Started Create Volatile Files and Directories.
         Starting Update UTMP about System Boot/Shutdown...
[[0;32m  OK  [0m] Started Update UTMP about System Boot/Shutdown.
[[0;32m  OK  [0m] Found device /dev/ttyS0.
[[0;32m  OK  [0m] Listening on Load/Save RF Kill Switch Status /dev/rfkill Watch.
[[0;32m  OK  [0m] Found device 82540EM Gigabit Ethern...r (PRO/1000 MT Desktop Adapter).
[[0;32m  OK  [0m] Started Set console font and keymap.
[[0;32m  OK  [0m] Created slice system-getty.slice.
[[0;32m  OK  [0m] Started LSB: AppArmor initialization.
[   39.083932] cloud-init[488]: Cloud-init v. 18.3-9-g2e62cb8a-0ubuntu1~16.04.2 running 'init-local' at Sun, 25 Nov 2018 18:44:45 +0000. Up 37.40 seconds.
[[0;32m  OK  [0m] Started Initial cloud-init job (pre-networking).
[[0;32m  OK  [0m] Reached target Network (Pre).
         Starting Raise network interfaces...
[[0;32m  OK  [0m] Started ifup for enp0s3.
[[0;32m  OK  [0m] Started Raise network interfaces.
         Starting Initial cloud-init job (metadata service crawler)...
[[0;32m  OK  [0m] Reached target Network.
[   43.468874] cloud-init[958]: Cloud-init v. 18.3-9-g2e62cb8a-0ubuntu1~16.04.2 running 'init' at Sun, 25 Nov 2018 18:44:49 +0000. Up 41.44 seconds.
[   43.702908] cloud-init[958]: ci-info: ++++++++++++++++++++++++++++++++++++++Net device info++++++++++++++++++++++++++++++++++++++
[[0;32m  OK  [0m] Started Initial cloud-init job (metadata service crawler).
[   43.707021] cloud-init[958]: ci-info: +--------+------+----------------------------+---------------+--------+-------------------+
[   43.973964] [cloud-init[0;32m  OK  [0m[958]: ] ci-info: | Device |  Up  |          Address           |      Mask     | Scope  |     Hw-Address    |Reached target Cloud-config availability.

[   43.975874] cloud-init[[958]: [0;32m  OK  [0mci-info: +--------+------+----------------------------+---------------+--------+-------------------+] 
Reached target System Initialization.
[   44.170156] [[0;32m  OK  [0m] Listening on ACPID Listen Socket.
cloud-init[958]: ci-info: | enp0s3 | True |         10.0.2.15          | 255.255.255.0 | global | 02:93:23:4d:82:b3 |
[[0;32m  OK  [0m] Listening on D-Bus System Message Bus Socket.
[   44.325490] cloud-init[958]: ci-info: | enp0s3 | True | fe80::93:23ff:fe4d:82b3/64 |       .       |  link  | 02:93:23:4d:82:b3 |
[   44.541880] cloud-init[958]: ci-info: |   lo   | True |         127.0.0.1          |   255.0.0.0   |  host  |         .         |
[[0;32m  OK  [0m] Started Daily apt download activities.
[   44.544722] [cloud-init[0;32m  OK  [0m[958]: ] ci-info: |   lo   | True |          ::1/128           |       .       |  host  |         .         |Started Daily Cleanup of Temporary Directories.

[   44.621706] cloud-init[958]: ci-info: +--------+------+----------------------------+---------------+--------+-------------------+
[   44.985031]          cloud-initStarting LXD - unix socket.[958]: 
ci-info: +++++++++++++++++++++++++++Route IPv4 info++++++++++++++++++++++++++++
[   45.129683] cloud-init[958]: ci-info: +-------+-------------+----------+---------------+-----------+-------+
         Starting Socket activation for snappy daemon.
[   45.133735] cloud-init[958]: ci-info: | Route | Destination | Gateway  |    Genmask    | Interface | Flags |
[[0;32m  OK  [0m] Listening on UUID daemon activation socket.
[   45.282608] cloud-init[958]: ci-info: +-------+-------------+----------+---------------+-----------+-------+
[[0;32m  OK  [0m] Started ACPI Events Check.
[   45.571978] cloud-init[958]: ci-info: |   0   |   0.0.0.0   | 10.0.2.2 |    0.0.0.0    |   enp0s3  |   UG  |
[   45.577026] [cloud-init[0;32m  OK  [0m[958]: ] ci-info: |   1   |   10.0.2.0  | 0.0.0.0  | 255.255.255.0 |   enp0s3  |   U   |Reached target Paths.

[   45.708308] [cloud-init[0;32m  OK  [0m[958]: ] ci-info: +-------+-------------+----------+---------------+-----------+-------+Started Daily apt upgrade and clean activities.

[[0;32m  OK  [0m] Reached target Timers.
[[0;32m  OK  [0m] Reached target Network is Online.
[   45.755620] cloud-init[958]: ci-info: +++++++++++++++++++Route IPv6 info+++++++++++++++++++
[   45.920025]          cloud-initStarting iSCSI initiator daemon (iscsid)...[958]: 
ci-info: +-------+-------------+---------+-----------+-------+
[   46.005369] [cloud-init[0;32m  OK  [0m[958]: ] ci-info: | Route | Destination | Gateway | Interface | Flags |Listening on LXD - unix socket.

[   46.145548] [[0;32m  OK  [0m] Listening on Socket activation for snappy daemon.cloud-init
[958]: ci-info: +-------+-------------+---------+-----------+-------+
[   46.241701] cloud-init[958]: ci-info: |   0   |  fe80::/64  |    ::   |   enp0s3  |   U   |
[   46.345685] cloud-init[958]: ci-info: |   4   |   ff00::/8  |    ::   |   enp0s3  |   U   |
[   46.348791] cloud-init[958]: ci-info: +-------+-------------+---------+-----------+-------+
[[0;32m  OK  [0m] Started iSCSI initiator daemon (iscsid).
         Starting Login to default iSCSI targets...
[[0;32m  OK  [0m] Reached target Sockets.
[[0;32m  OK  [0m] Reached target Basic System.
[[0;32m  OK  [0m] Started ACPI event daemon.
[[0;32m  OK  [0m] Started Deferred execution scheduler.
         Starting /etc/rc.local Compatibility...
[[0;32m  OK  [0m] Started Regular background program processing daemon.
         Starting LXD - container startup/shutdown...
         Starting LSB: Record successful boot for GRUB...
         Starting Accounts Service...
[[0;32m  OK  [0m] Started FUSE filesystem for LXC.
[[0;32m  OK  [0m] Started Unattended Upgrades Shutdown.
         Starting LSB: MD monitoring daemon...
         Starting System Logging Service...
[[0;32m  OK  [0m] Started D-Bus System Message Bus.
         Starting OpenBSD Secure Shell server...
         Starting Virtualbox guest utils...
         Starting Snappy daemon...
         Starting Login Service...
[[0;32m  OK  [0m] Started System Logging Service.
[[0;32m  OK  [0m] Started /etc/rc.local Compatibility.
[[0;32m  OK  [0m] Started Login Service.
[[0;32m  OK  [0m] Started LSB: MD monitoring daemon.
[[0;32m  OK  [0m] Started Login to default iSCSI targets.
[[0;32m  OK  [0m] Reached target Remote File Systems (Pre).
[[0;32m  OK  [0m] Reached target Remote File Systems.
         Starting LSB: daemon to balance interrupts for SMP systems...
         Starting Permit User Sessions...
         Starting LSB: Set the CPU Frequency Scaling governor to "ondemand"...
         Starting LSB: automatic crash report generation...
[[0;32m  OK  [0m] Started LSB: Record successful boot for GRUB.
[[0;32m  OK  [0m] Started LSB: Set the CPU Frequency Scaling governor to "ondemand".
[[0;32m  OK  [0m] Started Permit User Sessions.
         Starting Terminate Plymouth Boot Screen...
         Starting Hold until boot process finishes up...
[[0;32m  OK  [0m] Started Terminate Plymouth Boot Screen.
[[0;32m  OK  [0m] Started Hold until boot process finishes up.
[[0;32m  OK  [0m] Started Serial Getty on ttyS0.
[[0;32m  OK  [0m] Started Getty on tty1.
[[0;32m  OK  [0m] Reached target Login Prompts.
         Starting Set console scheme...
[[0;32m  OK  [0m] Started LSB: daemon to balance interrupts for SMP systems.
[[0;32m  OK  [0m] Started LSB: automatic crash report generation.
         Starting Authenticate and Authorize Users to Run Privileged Tasks...
[[0;32m  OK  [0m] Started Virtualbox guest utils.
[[0;32m  OK  [0m] Started Set console scheme.
[[0;32m  OK  [0m] Started Authenticate and Authorize Users to Run Privileged Tasks.
[[0;32m  OK  [0m] Started Accounts Service.
[[0;32m  OK  [0m] Started OpenBSD Secure Shell server.
[[0;32m  OK  [0m] Started LXD - container startup/shutdown.

Ubuntu 16.04.5 LTS ubuntu-xenial ttyS0

ubuntu-xenial login: [   62.959912] cloud-init[1269]: Cloud-init v. 18.3-9-g2e62cb8a-0ubuntu1~16.04.2 running 'modules:config' at Sun, 25 Nov 2018 18:45:09 +0000. Up 61.65 seconds.
[   65.013784] cloud-init[1298]: Cloud-init v. 18.3-9-g2e62cb8a-0ubuntu1~16.04.2 running 'modules:final' at Sun, 25 Nov 2018 18:45:11 +0000. Up 63.74 seconds.
[   65.015238] cloud-init[1298]: Cloud-init v. 18.3-9-g2e62cb8a-0ubuntu1~16.04.2 finished at Sun, 25 Nov 2018 18:45:12 +0000. Datasource DataSourceNoCloud [seed=/dev/sdb][dsmode=net].  Up 64.99 seconds
[[0;32m  OK  [0m] Closed Load/Save RF Kill Switch Status /dev/rfkill Watch.
         Stopping User Manager for UID 1000...
         Stopping ACPI event daemon...
         Stopping Session 9 of user vagrant.
         Stopping Authenticate and Authorize Users to Run Privileged Task.         Stopping LSB: Set the CPU Frequency Scaling governor to "ondemand"...
[[0;32m  OK  [0m] Stopped Wait until snapd is fully seeded.
         Stopping Snappy daemon...
         Stopping Getty on tty1...
         Stopping LXD - container startup/shutdown...
         Stopping LSB: daemon to balance interrupts for SMP systems...
[[0;32m  OK  [0m] Unmounted /var/lib/lxcfs.
[[0;32m  OK  [0m] Stopped ACPI event daemon.
[[0;32m  OK  [0m] Stopped Deferred execution scheduler.
[[0;32m  OK  [0m] Stopped Regular background program processing daemon.
[[0;32m  OK  [0m] Stopped Accounts Service.
[[0;32m  OK  [0m] Stopped System Logging Service.
[[0;32m  OK  [0m] Stopped Snappy daemon.
[[0;32m  OK  [0m] Stopped Serial Getty on ttyS0.
[[0;32m  OK  [0m] Stopped Getty on tty1.
[[0;32m  OK  [0m] Stopped Authenticate and Authorize Users to Run Privileged Tasks.
[[0;32m  OK  [0m] Stopped OpenBSD Secure Shell server.
[[0;32m  OK  [0m] Stopped User Manager for UID 1000.
[[0;32m  OK  [0m] Stopped Session 9 of user vagrant.
[[0;32m  OK  [0m] Stopped Unattended Upgrades Shutdown.
[[0;32m  OK  [0m] Stopped D-Bus System Message Bus.
[[0;32m  OK  [0m] Stopped FUSE filesystem for LXC.
[[0;32m  OK  [0m] Stopped LSB: MD monitoring daemon.
[[0;32m  OK  [0m] Stopped Virtualbox guest utils.
[[0;32m  OK  [0m] Stopped LSB: automatic crash report generation.
[[0;32m  OK  [0m] Stopped LSB: Set the CPU Frequency Scaling governor to "ondemand".
[[0;32m  OK  [0m] Stopped LSB: Record successful boot for GRUB.
[[0;32m  OK  [0m] Stopped LSB: daemon to balance interrupts for SMP systems.
[[0;32m  OK  [0m] Stopped LXD - container startup/shutdown.
[[0;32m  OK  [0m] Removed slice User Slice of vagrant.
         Stopping Login Service...
[[0;32m  OK  [0m] Removed slice system-getty.slice.
[[0;32m  OK  [0m] Stopped /etc/rc.local Compatibility.
         Stopping Permit User Sessions...
[[0;32m  OK  [0m] Removed slice system-serial\x2dgetty.slice.
[[0;32m  OK  [0m] Stopped Login Service.
[[0;32m  OK  [0m] Stopped Permit User Sessions.
[[0;32m  OK  [0m] Stopped target Remote File Systems.
[[0;32m  OK  [0m] Stopped target Remote File Systems (Pre).
         Stopping Login to default iSCSI targets...
[[0;32m  OK  [0m] Stopped target Basic System.
[[0;32m  OK  [0m] Stopped target Slices.
[[0;32m  OK  [0m] Stopped target Paths.
[[0;32m  OK  [0m] Stopped ACPI Events Check.
[[0;32m  OK  [0m] Stopped Forward Password Requests to Wall Directory Watch.
[[0;32m  OK  [0m] Stopped Dispatch Password Requests to Console Directory Watch.
[[0;32m  OK  [0m] Stopped target Sockets.
[[0;32m  OK  [0m] Closed UUID daemon activation socket.
[[0;32m  OK  [0m] Closed Syslog Socket.
[[0;32m  OK  [0m] Closed ACPID Listen Socket.
[[0;32m  OK  [0m] Closed LXD - unix socket.
[[0;32m  OK  [0m] Closed Socket activation for snappy daemon.
[[0;32m  OK  [0m] Closed D-Bus System Message Bus Socket.
[[0;32m  OK  [0m] Stopped target System Initialization.
         Stopping Load/Save Random Seed...
[[0;32m  OK  [0m] Stopped target Encrypted Volumes.
[[0;32m  OK  [0m] Stopped target Swap.
         Stopping Update UTMP about System Boot/Shutdown...
[[0;32m  OK  [0m] Removed slice User and Session Slice.
[[0;32m  OK  [0m] Stopped target User and Group Name Lookups.
[[0;32m  OK  [0m] Stopped Load/Save Random Seed.
[[0;32m  OK  [0m] Stopped Update UTMP about System Boot/Shutdown.
[[0;32m  OK  [0m] Stopped Login to default iSCSI targets.
         Stopping iSCSI initiator daemon (iscsid)...
[[0;32m  OK  [0m] Stopped Create Volatile Files and Directories.
[[0;32m  OK  [0m] Stopped iSCSI initiator daemon (iscsid).
[[0;32m  OK  [0m] Stopped target Network is Online.
[[0;32m  OK  [0m] Stopped Initial cloud-init job (metadata service crawler).
[[0;32m  OK  [0m] Stopped target Network.
         Stopping Raise network interfaces...
[[0;32m  OK  [0m] Stopped Raise network interfaces.
[[0;32m  OK  [0m] Stopped target Network (Pre).
[[0;32m  OK  [0m] Stopped Initial cloud-init job (pre-networking).
[[0;32m  OK  [0m] Stopped Apply Kernel Variables.
[[0;32m  OK  [0m] Stopped Load Kernel Modules.
[[0;32m  OK  [0m] Stopped target Local File Systems.
         Unmounting /vagrant...
         Unmounting /run/user/1000...
[[0;32m  OK  [0m] Unmounted /vagrant.
[[0;32m  OK  [0m] Unmounted /run/user/1000.
[[0;32m  OK  [0m] Reached target Unmount All Filesystems.
[[0;32m  OK  [0m] Stopped target Local File Systems (Pre).
[[0;32m  OK  [0m] Stopped Create Static Device Nodes in /dev.
         Stopping Monitoring of LVM2 mirrors... dmeventd or progress polling...
[[0;32m  OK  [0m] Stopped Remount Root and Kernel File Systems.
[[0;32m  OK  [0m] Reached target Shutdown.
[19900.800] bo: Power down